1608041016520	mozrunner::runner	INFO	Running command: "/usr/bin/firefox" "-marionette" "--start-maximized" "window-size=2560,1440" "disable-notifications" "--disable-infobars" "start-maximized" "-foreground" "-no-remote" "-profile" "/tmp/rust_mozprofileMcKHto"
console.warn: SearchSettings: "get: No settings file exists, new profile?" (new Error("", "(unknown module)"))
1608041019720	Marionette	INFO	Listening on port 40751
1608041019780	Marionette	WARN	TLS certificate errors will be ignored for this session
1608041023723	Marionette	INFO	Stopped listening on port 40751
1608041355177	mozrunner::runner	INFO	Running command: "/usr/bin/firefox" "-marionette" "--start-maximized" "window-size=2560,1440" "disable-notifications" "--disable-infobars" "start-maximized" "-foreground" "-no-remote" "-profile" "/tmp/rust_mozprofilekC7u8f"
console.warn: SearchSettings: "get: No settings file exists, new profile?" (new Error("", "(unknown module)"))
1608041357917	Marionette	INFO	Listening on port 39345
1608041358005	Marionette	WARN	TLS certificate errors will be ignored for this session
1608044680993	Marionette	INFO	Stopped listening on port 39345
1608088837386	mozrunner::runner	INFO	Running command: "/usr/bin/firefox" "-marionette" "--start-maximized" "window-size=2560,1440" "disable-notifications" "--disable-infobars" "start-maximized" "-foreground" "-no-remote" "-profile" "/tmp/rust_mozprofile9d1xeR"
console.warn: SearchSettings: "get: No settings file exists, new profile?" (new Error("", "(unknown module)"))
1608088850976	Marionette	INFO	Listening on port 37513
1608088851076	Marionette	WARN	TLS certificate errors will be ignored for this session
Exiting due to channel error.
Exiting due to channel error.
Exiting due to channel error.
1608112289976	mozrunner::runner	INFO	Running command: "/usr/bin/firefox" "-marionette" "--start-maximized" "window-size=2560,1440" "disable-notifications" "--disable-infobars" "start-maximized" "-foreground" "-no-remote" "-profile" "/tmp/rust_mozprofile7PT8JR"
console.warn: SearchSettings: "get: No settings file exists, new profile?" (new Error("", "(unknown module)"))
1608112292026	Marionette	INFO	Listening on port 45193
1608112292102	Marionette	WARN	TLS certificate errors will be ignored for this session
1608112461380	Marionette	INFO	Stopped listening on port 45193
1608112788846	mozrunner::runner	INFO	Running command: "/usr/bin/firefox" "-marionette" "--start-maximized" "window-size=2560,1440" "disable-notifications" "--disable-infobars" "start-maximized" "-foreground" "-no-remote" "-profile" "/tmp/rust_mozprofiledcnMIE"
console.warn: SearchSettings: "get: No settings file exists, new profile?" (new Error("", "(unknown module)"))
1608112790894	Marionette	INFO	Listening on port 38777
1608112790970	Marionette	WARN	TLS certificate errors will be ignored for this session
1608115063709	Marionette	INFO	Stopped listening on port 38777
1608115072616	mozrunner::runner	INFO	Running command: "/usr/bin/firefox" "-marionette" "--start-maximized" "window-size=2560,1440" "disable-notifications" "--disable-infobars" "start-maximized" "-foreground" "-no-remote" "-profile" "/tmp/rust_mozprofileAUutVi"
console.warn: SearchSettings: "get: No settings file exists, new profile?" (new Error("", "(unknown module)"))
1608115074679	Marionette	INFO	Listening on port 42605
1608115074809	Marionette	WARN	TLS certificate errors will be ignored for this session
1608115310193	mozrunner::runner	INFO	Running command: "/usr/bin/firefox" "-marionette" "--start-maximized" "window-size=2560,1440" "disable-notifications" "--disable-infobars" "start-maximized" "-foreground" "-no-remote" "-profile" "/tmp/rust_mozprofileAISgDX"
console.warn: SearchSettings: "get: No settings file exists, new profile?" (new Error("", "(unknown module)"))
1608115312435	Marionette	INFO	Listening on port 38493
1608115312524	Marionette	WARN	TLS certificate errors will be ignored for this session
1608115313700	Marionette	INFO	Stopped listening on port 42605
1608115659586	mozrunner::runner	INFO	Running command: "/usr/bin/firefox" "-marionette" "--start-maximized" "window-size=2560,1440" "disable-notifications" "--disable-infobars" "start-maximized" "-foreground" "-no-remote" "-profile" "/tmp/rust_mozprofileJ834Y6"
console.warn: SearchSettings: "get: No settings file exists, new profile?" (new Error("", "(unknown module)"))
1608115661921	Marionette	INFO	Listening on port 42211
1608115662015	Marionette	WARN	TLS certificate errors will be ignored for this session
1608115663045	Marionette	INFO	Stopped listening on port 38493
Exiting due to channel error.
Exiting due to channel error.
Exiting due to channel error.
1608118499374	mozrunner::runner	INFO	Running command: "/usr/bin/firefox" "-marionette" "--start-maximized" "window-size=2560,1440" "disable-notifications" "--disable-infobars" "start-maximized" "-foreground" "-no-remote" "-profile" "/tmp/rust_mozprofiletc1vVA"
console.warn: SearchSettings: "get: No settings file exists, new profile?" (new Error("", "(unknown module)"))
1608118501897	Marionette	INFO	Listening on port 32789
1608118502013	Marionette	WARN	TLS certificate errors will be ignored for this session
1608119818265	Marionette	INFO	Stopped listening on port 32789
1608126390018	mozrunner::runner	INFO	Running command: "/usr/bin/firefox" "-marionette" "--start-maximized" "window-size=2560,1440" "disable-notifications" "--disable-infobars" "start-maximized" "-foreground" "-no-remote" "-profile" "/tmp/rust_mozprofileHsciMe"
console.warn: SearchSettings: "get: No settings file exists, new profile?" (new Error("", "(unknown module)"))
1608126393821	Marionette	INFO	Listening on port 33907
1608126393865	Marionette	WARN	TLS certificate errors will be ignored for this session
1608126445734	mozrunner::runner	INFO	Running command: "/usr/bin/firefox" "-marionette" "--start-maximized" "window-size=2560,1440" "disable-notifications" "--disable-infobars" "start-maximized" "-foreground" "-no-remote" "-profile" "/tmp/rust_mozprofileeM6xyS"
console.warn: SearchSettings: "get: No settings file exists, new profile?" (new Error("", "(unknown module)"))
1608126447948	Marionette	INFO	Listening on port 42805
1608126448062	Marionette	WARN	TLS certificate errors will be ignored for this session
1608126452334	Marionette	INFO	Stopped listening on port 42805
1608126454094	Marionette	INFO	Stopped listening on port 33907
1608126472212	mozrunner::runner	INFO	Running command: "/usr/bin/firefox" "-marionette" "--start-maximized" "window-size=2560,1440" "disable-notifications" "--disable-infobars" "start-maximized" "-foreground" "-no-remote" "-profile" "/tmp/rust_mozprofileowo5J5"
console.warn: SearchSettings: "get: No settings file exists, new profile?" (new Error("", "(unknown module)"))
1608126474270	Marionette	INFO	Listening on port 34013
1608126474339	Marionette	WARN	TLS certificate errors will be ignored for this session
JavaScript error: resource:///modules/UrlbarProviderHeuristicFallback.jsm, line 201: URIError: malformed URI sequence
JavaScript error: resource:///modules/UrlbarProviderHeuristicFallback.jsm, line 201: URIError: malformed URI sequence
JavaScript error: resource:///modules/UrlbarProviderHeuristicFallback.jsm, line 201: URIError: malformed URI sequence
JavaScript error: resource:///modules/UrlbarProviderHeuristicFallback.jsm, line 201: URIError: malformed URI sequence
JavaScript error: resource:///modules/UrlbarProviderHeuristicFallback.jsm, line 201: URIError: malformed URI sequence
JavaScript error: resource:///modules/UrlbarProviderHeuristicFallback.jsm, line 201: URIError: malformed URI sequence
JavaScript error: resource:///modules/UrlbarProviderHeuristicFallback.jsm, line 201: URIError: malformed URI sequence
JavaScript error: resource:///modules/UrlbarProviderHeuristicFallback.jsm, line 201: URIError: malformed URI sequence
JavaScript warning: https://www.googletagmanager.com/gtag/js?id=G-SW6D8G0HXK&l=dataLayer&cx=c, line 511: Script terminated by timeout at:
Oo/<@https://www.googletagmanager.com/gtag/js?id=G-SW6D8G0HXK&l=dataLayer&cx=c:511:418
a/<@https://www.googletagmanager.com/gtag/js?id=G-SW6D8G0HXK&l=dataLayer&cx=c:511:360

JavaScript error: https://click.accesstrade.co.id/js/nct/lp.js, line 1: SyntaxError: redeclaration of const LP_UNIX_TIME_0_IN_GMT
JavaScript error: https://click.accesstrade.co.id/js/nct/lp.js, line 1: SyntaxError: redeclaration of const LP_UNIX_TIME_0_IN_GMT
